# JRE version: OpenJDK Runtime Environment Microsoft-13877171 (21.0.11+10) (build 21.0.11+10-LTS)
# Java VM: OpenJDK 64-Bit Server VM Microsoft-13877171 (21.0.11+10-LTS, mixed mode, sharing, tiered, compressed oops, compressed class ptrs, parallel gc, windows-amd64)
GC Precious Log:
 CardTable entry size: 512
 CPUs: 12 total, 12 available
 Memory: 24260M
 Large Page Support: Disabled
 NUMA Support: Disabled
 Compressed Oops: Enabled (32-bit)
 Alignments: Space 512K, Generation 512K, Heap 2M
 Heap Min Capacity: 100M
 Heap Initial Capacity: 100M
 Heap Max Capacity: 2G
 Pre-touch: Disabled
 Parallel Workers: 10
Heap:
 PSYoungGen      total 5632K, used 1286K [0x00000000d5580000, 0x00000000d5d00000, 0x0000000100000000)
  eden space 5120K, 20% used [0x00000000d5580000,0x00000000d5681ac0,0x00000000d5a80000)
  from space 512K, 50% used [0x00000000d5b00000,0x00000000d5b40000,0x00000000d5b80000)
  to   space 1024K, 0% used [0x00000000d5c00000,0x00000000d5c00000,0x00000000d5d00000)
 ParOldGen       total 1133568K, used 577937K [0x0000000080000000, 0x00000000c5300000, 0x00000000d5580000)
  object space 1133568K, 50% used [0x0000000080000000,0x00000000a3464550,0x00000000c5300000)
 Metaspace       used 98181K, committed 99904K, reserved 1179648K
  class space    used 9726K, committed 10560K, reserved 1048576K
GC Heap History (20 events):
Event: 3369.115 GC heap before
{Heap before GC invocations=4348 (full 6):
 PSYoungGen      total 5120K, used 5118K [0x00000000d5580000, 0x00000000d6180000, 0x0000000100000000)
  eden space 3072K, 100% used [0x00000000d5580000,0x00000000d5880000,0x00000000d5880000)
  from space 2048K, 99% used [0x00000000d5880000,0x00000000d5a7f8a0,0x00000000d5a80000)
  to   space 4608K, 0% used [0x00000000d5d00000,0x00000000d5d00000,0x00000000d6180000)
 ParOldGen       total 1133568K, used 568720K [0x0000000080000000, 0x00000000c5300000, 0x00000000d5580000)
  object space 1133568K, 50% used [0x0000000080000000,0x00000000a2b64258,0x00000000c5300000)
 Metaspace       used 98174K, committed 99904K, reserved 1179648K
  class space    used 9726K, committed 10560K, reserved 1048576K
}
Event: 3369.118 GC heap after
{Heap after GC invocations=4348 (full 6):
 PSYoungGen      total 7680K, used 3008K [0x00000000d5580000, 0x00000000d6080000, 0x0000000100000000)
  eden space 4096K, 0% used [0x00000000d5580000,0x00000000d5580000,0x00000000d5980000)
  from space 3584K, 83% used [0x00000000d5d00000,0x00000000d5ff0000,0x00000000d6080000)
  to   space 3584K, 0% used [0x00000000d5980000,0x00000000d5980000,0x00000000d5d00000)
 ParOldGen       total 1133568K, used 570986K [0x0000000080000000, 0x00000000c5300000, 0x00000000d5580000)
  object space 1133568K, 50% used [0x0000000080000000,0x00000000a2d9ab48,0x00000000c5300000)
 Metaspace       used 98174K, committed 99904K, reserved 1179648K
  class space    used 9726K, committed 10560K, reserved 1048576K
}
Event: 3369.135 GC heap before
{Heap before GC invocations=4349 (full 6):
 PSYoungGen      total 7680K, used 7104K [0x00000000d5580000, 0x00000000d6080000, 0x0000000100000000)
  eden space 4096K, 100% used [0x00000000d5580000,0x00000000d5980000,0x00000000d5980000)
  from space 3584K, 83% used [0x00000000d5d00000,0x00000000d5ff0000,0x00000000d6080000)
  to   space 3584K, 0% used [0x00000000d5980000,0x00000000d5980000,0x00000000d5d00000)
 ParOldGen       total 1133568K, used 570986K [0x0000000080000000, 0x00000000c5300000, 0x00000000d5580000)
  object space 1133568K, 50% used [0x0000000080000000,0x00000000a2d9ab48,0x00000000c5300000)
 Metaspace       used 98174K, committed 99904K, reserved 1179648K
  class space    used 9726K, committed 10560K, reserved 1048576K
}
Event: 3369.138 GC heap after
{Heap after GC invocations=4349 (full 6):
 PSYoungGen      total 7680K, used 2481K [0x00000000d5580000, 0x00000000d6080000, 0x0000000100000000)
  eden space 4096K, 0% used [0x00000000d5580000,0x00000000d5580000,0x00000000d5980000)
  from space 3584K, 69% used [0x00000000d5980000,0x00000000d5bec7d8,0x00000000d5d00000)
  to   space 3072K, 0% used [0x00000000d5d80000,0x00000000d5d80000,0x00000000d6080000)
 ParOldGen       total 1133568K, used 573626K [0x0000000080000000, 0x00000000c5300000, 0x00000000d5580000)
  object space 1133568K, 50% used [0x0000000080000000,0x00000000a302eb48,0x00000000c5300000)
 Metaspace       used 98174K, committed 99904K, reserved 1179648K
  class space    used 9726K, committed 10560K, reserved 1048576K
}
Event: 3369.238 GC heap before
{Heap before GC invocations=4350 (full 6):
 PSYoungGen      total 7680K, used 6577K [0x00000000d5580000, 0x00000000d6080000, 0x0000000100000000)
  eden space 4096K, 100% used [0x00000000d5580000,0x00000000d5980000,0x00000000d5980000)
  from space 3584K, 69% used [0x00000000d5980000,0x00000000d5bec7d8,0x00000000d5d00000)
  to   space 3072K, 0% used [0x00000000d5d80000,0x00000000d5d80000,0x00000000d6080000)
 ParOldGen       total 1133568K, used 573626K [0x0000000080000000, 0x00000000c5300000, 0x00000000d5580000)
  object space 1133568K, 50% used [0x0000000080000000,0x00000000a302eb48,0x00000000c5300000)
 Metaspace       used 98175K, committed 99904K, reserved 1179648K
  class space    used 9726K, committed 10560K, reserved 1048576K
}
Event: 3369.242 GC heap after
{Heap after GC invocations=4350 (full 6):
 PSYoungGen      total 7168K, used 1805K [0x00000000d5580000, 0x00000000d5f80000, 0x0000000100000000)
  eden space 5120K, 0% used [0x00000000d5580000,0x00000000d5580000,0x00000000d5a80000)
  from space 2048K, 88% used [0x00000000d5d80000,0x00000000d5f43478,0x00000000d5f80000)
  to   space 2560K, 0% used [0x00000000d5a80000,0x00000000d5a80000,0x00000000d5d00000)
 ParOldGen       total 1133568K, used 575276K [0x0000000080000000, 0x00000000c5300000, 0x00000000d5580000)
  object space 1133568K, 50% used [0x0000000080000000,0x00000000a31cb318,0x00000000c5300000)
 Metaspace       used 98175K, committed 99904K, reserved 1179648K
  class space    used 9726K, committed 10560K, reserved 1048576K
}
Event: 3369.505 GC heap before
{Heap before GC invocations=4351 (full 6):
 PSYoungGen      total 7168K, used 6924K [0x00000000d5580000, 0x00000000d5f80000, 0x0000000100000000)
  eden space 5120K, 99% used [0x00000000d5580000,0x00000000d5a7ff20,0x00000000d5a80000)
  from space 2048K, 88% used [0x00000000d5d80000,0x00000000d5f43478,0x00000000d5f80000)
  to   space 2560K, 0% used [0x00000000d5a80000,0x00000000d5a80000,0x00000000d5d00000)
 ParOldGen       total 1133568K, used 575276K [0x0000000080000000, 0x00000000c5300000, 0x00000000d5580000)
  object space 1133568K, 50% used [0x0000000080000000,0x00000000a31cb318,0x00000000c5300000)
 Metaspace       used 98175K, committed 99904K, reserved 1179648K
  class space    used 9726K, committed 10560K, reserved 1048576K
}
Event: 3369.507 GC heap after
{Heap after GC invocations=4351 (full 6):
 PSYoungGen      total 6144K, used 784K [0x00000000d5580000, 0x00000000d5e00000, 0x0000000100000000)
  eden space 5120K, 0% used [0x00000000d5580000,0x00000000d5580000,0x00000000d5a80000)
  from space 1024K, 76% used [0x00000000d5a80000,0x00000000d5b44010,0x00000000d5b80000)
  to   space 1536K, 0% used [0x00000000d5c80000,0x00000000d5c80000,0x00000000d5e00000)
 ParOldGen       total 1133568K, used 575601K [0x0000000080000000, 0x00000000c5300000, 0x00000000d5580000)
  object space 1133568K, 50% used [0x0000000080000000,0x00000000a321c540,0x00000000c5300000)
 Metaspace       used 98175K, committed 99904K, reserved 1179648K
  class space    used 9726K, committed 10560K, reserved 1048576K
}
Event: 3369.527 GC heap before
{Heap before GC invocations=4352 (full 6):
 PSYoungGen      total 6144K, used 5904K [0x00000000d5580000, 0x00000000d5e00000, 0x0000000100000000)
  eden space 5120K, 100% used [0x00000000d5580000,0x00000000d5a80000,0x00000000d5a80000)
  from space 1024K, 76% used [0x00000000d5a80000,0x00000000d5b44010,0x00000000d5b80000)
  to   space 1536K, 0% used [0x00000000d5c80000,0x00000000d5c80000,0x00000000d5e00000)
 ParOldGen       total 1133568K, used 575601K [0x0000000080000000, 0x00000000c5300000, 0x00000000d5580000)
  object space 1133568K, 50% used [0x0000000080000000,0x00000000a321c540,0x00000000c5300000)
 Metaspace       used 98175K, committed 99904K, reserved 1179648K
  class space    used 9726K, committed 10560K, reserved 1048576K
}
Event: 3369.529 GC heap after
{Heap after GC invocations=4352 (full 6):
 PSYoungGen      total 5632K, used 288K [0x00000000d5580000, 0x00000000d5d00000, 0x0000000100000000)
  eden space 5120K, 0% used [0x00000000d5580000,0x00000000d5580000,0x00000000d5a80000)
  from space 512K, 56% used [0x00000000d5c80000,0x00000000d5cc8000,0x00000000d5d00000)
  to   space 1024K, 0% used [0x00000000d5b00000,0x00000000d5b00000,0x00000000d5c00000)
 ParOldGen       total 1133568K, used 575705K [0x0000000080000000, 0x00000000c5300000, 0x00000000d5580000)
  object space 1133568K, 50% used [0x0000000080000000,0x00000000a3236540,0x00000000c5300000)
 Metaspace       used 98175K, committed 99904K, reserved 1179648K
  class space    used 9726K, committed 10560K, reserved 1048576K
}
Event: 3371.777 GC heap before
{Heap before GC invocations=4353 (full 6):
 PSYoungGen      total 5632K, used 5408K [0x00000000d5580000, 0x00000000d5d00000, 0x0000000100000000)
  eden space 5120K, 100% used [0x00000000d5580000,0x00000000d5a80000,0x00000000d5a80000)
  from space 512K, 56% used [0x00000000d5c80000,0x00000000d5cc8000,0x00000000d5d00000)
  to   space 1024K, 0% used [0x00000000d5b00000,0x00000000d5b00000,0x00000000d5c00000)
 ParOldGen       total 1133568K, used 575705K [0x0000000080000000, 0x00000000c5300000, 0x00000000d5580000)
  object space 1133568K, 50% used [0x0000000080000000,0x00000000a3236540,0x00000000c5300000)
 Metaspace       used 98175K, committed 99904K, reserved 1179648K
  class space    used 9726K, committed 10560K, reserved 1048576K
}
Event: 3371.778 GC heap after
{Heap after GC invocations=4353 (full 6):
 PSYoungGen      total 6144K, used 320K [0x00000000d5580000, 0x00000000d5d00000, 0x0000000100000000)
  eden space 5120K, 0% used [0x00000000d5580000,0x00000000d5580000,0x00000000d5a80000)
  from space 1024K, 31% used [0x00000000d5b00000,0x00000000d5b50000,0x00000000d5c00000)
  to   space 512K, 0% used [0x00000000d5c80000,0x00000000d5c80000,0x00000000d5d00000)
 ParOldGen       total 1133568K, used 575745K [0x0000000080000000, 0x00000000c5300000, 0x00000000d5580000)
  object space 1133568K, 50% used [0x0000000080000000,0x00000000a3240540,0x00000000c5300000)
 Metaspace       used 98175K, committed 99904K, reserved 1179648K
  class space    used 9726K, committed 10560K, reserved 1048576K
}
Event: 3407.343 GC heap before
{Heap before GC invocations=4354 (full 6):
 PSYoungGen      total 6144K, used 5440K [0x00000000d5580000, 0x00000000d5d00000, 0x0000000100000000)
  eden space 5120K, 100% used [0x00000000d5580000,0x00000000d5a80000,0x00000000d5a80000)
  from space 1024K, 31% used [0x00000000d5b00000,0x00000000d5b50000,0x00000000d5c00000)
  to   space 512K, 0% used [0x00000000d5c80000,0x00000000d5c80000,0x00000000d5d00000)
 ParOldGen       total 1133568K, used 575745K [0x0000000080000000, 0x00000000c5300000, 0x00000000d5580000)
  object space 1133568K, 50% used [0x0000000080000000,0x00000000a3240540,0x00000000c5300000)
 Metaspace       used 98176K, committed 99904K, reserved 1179648K
  class space    used 9726K, committed 10560K, reserved 1048576K
}
Event: 3407.344 GC heap after
{Heap after GC invocations=4354 (full 6):
 PSYoungGen      total 5632K, used 480K [0x00000000d5580000, 0x00000000d5d00000, 0x0000000100000000)
  eden space 5120K, 0% used [0x00000000d5580000,0x00000000d5580000,0x00000000d5a80000)
  from space 512K, 93% used [0x00000000d5c80000,0x00000000d5cf8030,0x00000000d5d00000)
  to   space 1024K, 0% used [0x00000000d5b00000,0x00000000d5b00000,0x00000000d5c00000)
 ParOldGen       total 1133568K, used 576033K [0x0000000080000000, 0x00000000c5300000, 0x00000000d5580000)
  object space 1133568K, 50% used [0x0000000080000000,0x00000000a3288560,0x00000000c5300000)
 Metaspace       used 98176K, committed 99904K, reserved 1179648K
  class space    used 9726K, committed 10560K, reserved 1048576K
}
Event: 3407.711 GC heap before
{Heap before GC invocations=4355 (full 6):
 PSYoungGen      total 5632K, used 5600K [0x00000000d5580000, 0x00000000d5d00000, 0x0000000100000000)
  eden space 5120K, 100% used [0x00000000d5580000,0x00000000d5a80000,0x00000000d5a80000)
  from space 512K, 93% used [0x00000000d5c80000,0x00000000d5cf8030,0x00000000d5d00000)
  to   space 1024K, 0% used [0x00000000d5b00000,0x00000000d5b00000,0x00000000d5c00000)
 ParOldGen       total 1133568K, used 576033K [0x0000000080000000, 0x00000000c5300000, 0x00000000d5580000)
  object space 1133568K, 50% used [0x0000000080000000,0x00000000a3288560,0x00000000c5300000)
 Metaspace       used 98176K, committed 99904K, reserved 1179648K
  class space    used 9726K, committed 10560K, reserved 1048576K
}
Event: 3407.713 GC heap after
{Heap after GC invocations=4355 (full 6):
 PSYoungGen      total 6144K, used 1024K [0x00000000d5580000, 0x00000000d5e80000, 0x0000000100000000)
  eden space 5120K, 0% used [0x00000000d5580000,0x00000000d5580000,0x00000000d5a80000)
  from space 1024K, 100% used [0x00000000d5b00000,0x00000000d5c00000,0x00000000d5c00000)
  to   space 2048K, 0% used [0x00000000d5c80000,0x00000000d5c80000,0x00000000d5e80000)
 ParOldGen       total 1133568K, used 576585K [0x0000000080000000, 0x00000000c5300000, 0x00000000d5580000)
  object space 1133568K, 50% used [0x0000000080000000,0x00000000a3312578,0x00000000c5300000)
 Metaspace       used 98176K, committed 99904K, reserved 1179648K
  class space    used 9726K, committed 10560K, reserved 1048576K
}
Event: 3407.755 GC heap before
{Heap before GC invocations=4356 (full 6):
 PSYoungGen      total 6144K, used 6144K [0x00000000d5580000, 0x00000000d5e80000, 0x0000000100000000)
  eden space 5120K, 100% used [0x00000000d5580000,0x00000000d5a80000,0x00000000d5a80000)
  from space 1024K, 100% used [0x00000000d5b00000,0x00000000d5c00000,0x00000000d5c00000)
  to   space 2048K, 0% used [0x00000000d5c80000,0x00000000d5c80000,0x00000000d5e80000)
 ParOldGen       total 1133568K, used 576585K [0x0000000080000000, 0x00000000c5300000, 0x00000000d5580000)
  object space 1133568K, 50% used [0x0000000080000000,0x00000000a3312578,0x00000000c5300000)
 Metaspace       used 98176K, committed 99904K, reserved 1179648K
  class space    used 9726K, committed 10560K, reserved 1048576K
}
Event: 3407.758 GC heap after
{Heap after GC invocations=4356 (full 6):
 PSYoungGen      total 6656K, used 1088K [0x00000000d5580000, 0x00000000d5e00000, 0x0000000100000000)
  eden space 5120K, 0% used [0x00000000d5580000,0x00000000d5580000,0x00000000d5a80000)
  from space 1536K, 70% used [0x00000000d5c80000,0x00000000d5d90000,0x00000000d5e00000)
  to   space 1536K, 0% used [0x00000000d5b00000,0x00000000d5b00000,0x00000000d5c80000)
 ParOldGen       total 1133568K, used 577601K [0x0000000080000000, 0x00000000c5300000, 0x00000000d5580000)
  object space 1133568K, 50% used [0x0000000080000000,0x00000000a3410550,0x00000000c5300000)
 Metaspace       used 98176K, committed 99904K, reserved 1179648K
  class space    used 9726K, committed 10560K, reserved 1048576K
}
Event: 3434.758 GC heap before
{Heap before GC invocations=4357 (full 6):
 PSYoungGen      total 6656K, used 6208K [0x00000000d5580000, 0x00000000d5e00000, 0x0000000100000000)
  eden space 5120K, 100% used [0x00000000d5580000,0x00000000d5a80000,0x00000000d5a80000)
  from space 1536K, 70% used [0x00000000d5c80000,0x00000000d5d90000,0x00000000d5e00000)
  to   space 1536K, 0% used [0x00000000d5b00000,0x00000000d5b00000,0x00000000d5c80000)
 ParOldGen       total 1133568K, used 577601K [0x0000000080000000, 0x00000000c5300000, 0x00000000d5580000)
  object space 1133568K, 50% used [0x0000000080000000,0x00000000a3410550,0x00000000c5300000)
 Metaspace       used 98181K, committed 99904K, reserved 1179648K
  class space    used 9726K, committed 10560K, reserved 1048576K
}
Event: 3434.760 GC heap after
{Heap after GC invocations=4357 (full 6):
 PSYoungGen      total 5632K, used 256K [0x00000000d5580000, 0x00000000d5d00000, 0x0000000100000000)
  eden space 5120K, 0% used [0x00000000d5580000,0x00000000d5580000,0x00000000d5a80000)
  from space 512K, 50% used [0x00000000d5b00000,0x00000000d5b40000,0x00000000d5b80000)
  to   space 1024K, 0% used [0x00000000d5c00000,0x00000000d5c00000,0x00000000d5d00000)
 ParOldGen       total 1133568K, used 577937K [0x0000000080000000, 0x00000000c5300000, 0x00000000d5580000)
  object space 1133568K, 50% used [0x0000000080000000,0x00000000a3464550,0x00000000c5300000)
 Metaspace       used 98181K, committed 99904K, reserved 1179648K
  class space    used 9726K, committed 10560K, reserved 1048576K
}

